01-11-2017 @ 01:13:07 - Generating payment form for order #WC947. Notify URL: http://lodrorinchen.org/wc-api/WC_innovext_allpay_aio/
01-11-2017 @ 01:13:07 - Item Name :當月會員 x 1
01-11-2017 @ 01:13:51 - Generating payment form for order #WC947. Notify URL: http://lodrorinchen.org/wc-api/WC_innovext_allpay_aio/
01-11-2017 @ 01:13:51 - Item Name :當月會員 x 1
01-11-2017 @ 07:56:38 - Generating payment form for order #WC948. Notify URL: http://lodrorinchen.org/wc-api/WC_innovext_allpay_aio/
01-11-2017 @ 07:56:38 - Item Name :當月會員 x 1
01-11-2017 @ 07:57:13 - Generating payment form for order #WC949. Notify URL: http://lodrorinchen.org/wc-api/WC_innovext_allpay_aio/
01-11-2017 @ 07:57:13 - Item Name :當季會員 x 1
01-12-2017 @ 15:27:51 - Generating payment form for order #WC951. Notify URL: http://lodrorinchen.org/wc-api/WC_innovext_allpay_aio/
01-12-2017 @ 15:27:51 - Item Name :當月會員 x 1
01-12-2017 @ 15:40:12 - ipn check mac:cf1ee36c6e92a0892cba308af553505f my_check_mac_value:cf1ee36c6e92a0892cba308af553505f
01-12-2017 @ 15:40:12 - successful-request... RtnCode:1 PaymentType:Credit_CreditCard
01-13-2017 @ 20:55:15 - Generating payment form for order #WC956. Notify URL: http://lodrorinchen.org/wc-api/WC_innovext_allpay_aio/
01-13-2017 @ 20:55:15 - Item Name :當季會員 x 1
01-13-2017 @ 21:06:50 - Generating payment form for order #WC957. Notify URL: http://lodrorinchen.org/wc-api/WC_innovext_allpay_aio/
01-13-2017 @ 21:06:50 - Item Name :當季會員 x 1
01-13-2017 @ 21:08:46 - ipn check mac:33664a2fcc04afde1c1dcb6e019b7905 my_check_mac_value:33664a2fcc04afde1c1dcb6e019b7905
01-13-2017 @ 21:08:46 - successful-request... RtnCode:1 PaymentType:Credit_CreditCard
01-14-2017 @ 10:50:50 - Generating payment form for order #WC958. Notify URL: http://lodrorinchen.org/wc-api/WC_innovext_allpay_aio/
01-14-2017 @ 10:50:50 - Item Name :當季會員 x 1
01-15-2017 @ 23:40:43 - Generating payment form for order #WC961. Notify URL: http://lodrorinchen.org/wc-api/WC_innovext_allpay_aio/
01-15-2017 @ 23:40:43 - Item Name :當週會員 x 1
01-16-2017 @ 00:27:22 - Generating payment form for order #WC965. Notify URL: http://lodrorinchen.org/wc-api/WC_innovext_allpay_aio/
01-16-2017 @ 00:27:22 - Item Name :當週會員 x 1
01-16-2017 @ 00:28:24 - ipn check mac:8d6e74a2301200cdfdfa409c2b872355 my_check_mac_value:8d6e74a2301200cdfdfa409c2b872355
01-16-2017 @ 00:28:24 - successful-request... RtnCode:1 PaymentType:Credit_CreditCard
01-16-2017 @ 22:44:37 - Generating payment form for order #WC949. Notify URL: http://lodrorinchen.org/wc-api/WC_innovext_allpay_aio/
01-16-2017 @ 22:44:37 - Item Name :當季會員 x 1
01-17-2017 @ 15:45:27 - Generating payment form for order #WC948. Notify URL: http://lodrorinchen.org/wc-api/WC_innovext_allpay_aio/
01-17-2017 @ 15:45:27 - Item Name :當月會員 x 1
01-17-2017 @ 22:24:02 - Generating payment form for order #WC975. Notify URL: http://lodrorinchen.org/wc-api/WC_innovext_allpay_aio/
01-17-2017 @ 22:24:02 - Item Name :當月會員 x 1
01-17-2017 @ 22:26:29 - ipn check mac:a6d6bb56ad26fdd79f9416432af2cb5d my_check_mac_value:a6d6bb56ad26fdd79f9416432af2cb5d
01-17-2017 @ 22:26:29 - successful-request... RtnCode:1 PaymentType:Credit_CreditCard
01-18-2017 @ 06:18:41 - Generating payment form for order #WC949. Notify URL: http://lodrorinchen.org/wc-api/WC_innovext_allpay_aio/
01-18-2017 @ 06:18:41 - Item Name :當季會員 x 1
01-19-2017 @ 09:25:18 - Generating payment form for order #WC948. Notify URL: http://lodrorinchen.org/wc-api/WC_innovext_allpay_aio/
01-19-2017 @ 09:25:18 - Item Name :當月會員 x 1
01-20-2017 @ 17:49:04 - Generating payment form for order #WC948. Notify URL: http://lodrorinchen.org/wc-api/WC_innovext_allpay_aio/
01-20-2017 @ 17:49:04 - Item Name :當月會員 x 1
01-23-2017 @ 11:20:52 - Generating payment form for order #WC980. Notify URL: http://lodrorinchen.org/wc-api/WC_innovext_allpay_aio/
01-23-2017 @ 11:20:52 - Item Name :當季會員 x 1
01-23-2017 @ 11:20:53 - Generating payment form for order #WC980. Notify URL: http://lodrorinchen.org/wc-api/WC_innovext_allpay_aio/
01-23-2017 @ 11:20:53 - Item Name :當季會員 x 1
01-23-2017 @ 12:18:09 - Generating payment form for order #WC869. Notify URL: http://lodrorinchen.org/wc-api/WC_innovext_allpay_aio/
01-23-2017 @ 12:18:09 - Item Name :當季會員 x 1
01-23-2017 @ 12:20:33 - Generating payment form for order #WC869. Notify URL: http://lodrorinchen.org/wc-api/WC_innovext_allpay_aio/
01-23-2017 @ 12:20:33 - Item Name :當季會員 x 1
01-23-2017 @ 12:22:10 - Generating payment form for order #WC990. Notify URL: http://lodrorinchen.org/wc-api/WC_innovext_allpay_aio/
01-23-2017 @ 12:22:10 - Item Name :當月會員 x 1
01-23-2017 @ 12:23:34 - Generating payment form for order #WC991. Notify URL: http://lodrorinchen.org/wc-api/WC_innovext_allpay_aio/
01-23-2017 @ 12:23:34 - Item Name :當季會員 x 1
01-23-2017 @ 13:37:44 - Generating payment form for order #WC949. Notify URL: http://lodrorinchen.org/wc-api/WC_innovext_allpay_aio/
01-23-2017 @ 13:37:44 - Item Name :當季會員 x 1
01-23-2017 @ 14:07:11 - Generating payment form for order #WC949. Notify URL: http://lodrorinchen.org/wc-api/WC_innovext_allpay_aio/
01-23-2017 @ 14:07:11 - Item Name :當季會員 x 1
01-23-2017 @ 14:09:12 - Generating payment form for order #WC991. Notify URL: http://lodrorinchen.org/wc-api/WC_innovext_allpay_aio/
01-23-2017 @ 14:09:12 - Item Name :當季會員 x 1
01-23-2017 @ 14:10:31 - Generating payment form for order #WC992. Notify URL: http://lodrorinchen.org/wc-api/WC_innovext_allpay_aio/
01-23-2017 @ 14:10:31 - Item Name :當季會員 x 1
01-23-2017 @ 14:11:52 - ipn check mac:ca98ddc41a1ed47a10d1033890ae9ca5 my_check_mac_value:ca98ddc41a1ed47a10d1033890ae9ca5
01-23-2017 @ 14:11:52 - successful-request... RtnCode:1 PaymentType:Credit_CreditCard
01-23-2017 @ 15:17:36 - Generating payment form for order #WC980. Notify URL: http://lodrorinchen.org/wc-api/WC_innovext_allpay_aio/
01-23-2017 @ 15:17:36 - Item Name :當季會員 x 1
01-23-2017 @ 15:18:55 - Generating payment form for order #WC993. Notify URL: http://lodrorinchen.org/wc-api/WC_innovext_allpay_aio/
01-23-2017 @ 15:18:55 - Item Name :當季會員 x 1
01-23-2017 @ 15:18:56 - Generating payment form for order #WC993. Notify URL: http://lodrorinchen.org/wc-api/WC_innovext_allpay_aio/
01-23-2017 @ 15:18:56 - Item Name :當季會員 x 1
01-23-2017 @ 15:19:42 - ipn check mac:6537972029562380efaf5d491c548e6b my_check_mac_value:6537972029562380efaf5d491c548e6b
01-23-2017 @ 15:19:42 - successful-request... RtnCode:1 PaymentType:Credit_CreditCard
01-24-2017 @ 00:57:53 - Generating payment form for order #WC948. Notify URL: http://lodrorinchen.org/wc-api/WC_innovext_allpay_aio/
01-24-2017 @ 00:57:53 - Item Name :當月會員 x 1
01-25-2017 @ 17:11:45 - Generating payment form for order #WC996. Notify URL: http://lodrorinchen.org/wc-api/WC_innovext_allpay_aio/
01-25-2017 @ 17:11:45 - Item Name :當季會員 x 1
01-25-2017 @ 17:16:45 - ipn check mac:a3795661824421b328bd68d719428f13 my_check_mac_value:a3795661824421b328bd68d719428f13
01-25-2017 @ 17:16:45 - successful-request... RtnCode:1 PaymentType:Credit_CreditCard
01-25-2017 @ 20:22:42 - Generating payment form for order #WC1002. Notify URL: http://lodrorinchen.org/wc-api/WC_innovext_allpay_aio/
01-25-2017 @ 20:22:42 - Item Name :當季會員 x 1
01-25-2017 @ 20:30:03 - ipn check mac:9242a76f7a1c8a1951e79660da3070af my_check_mac_value:9242a76f7a1c8a1951e79660da3070af
01-25-2017 @ 20:30:03 - successful-request... RtnCode:1 PaymentType:Credit_CreditCard
01-25-2017 @ 22:18:25 - Generating payment form for order #WC1003. Notify URL: http://lodrorinchen.org/wc-api/WC_innovext_allpay_aio/
01-25-2017 @ 22:18:25 - Item Name :當季會員 x 1
01-25-2017 @ 22:25:23 - ipn check mac:aa7785c633fcb679a64c3d9b05ac3d3e my_check_mac_value:aa7785c633fcb679a64c3d9b05ac3d3e
01-25-2017 @ 22:25:23 - successful-request... RtnCode:1 PaymentType:Credit_CreditCard
01-25-2017 @ 23:09:27 - Generating payment form for order #WC1004. Notify URL: http://lodrorinchen.org/wc-api/WC_innovext_allpay_aio/
01-25-2017 @ 23:09:27 - Item Name :當季會員 x 1
01-25-2017 @ 23:13:21 - ipn check mac:11fc14250641b6b98f2244b28240dc87 my_check_mac_value:11fc14250641b6b98f2244b28240dc87
01-25-2017 @ 23:13:21 - successful-request... RtnCode:1 PaymentType:Credit_CreditCard
01-26-2017 @ 23:29:26 - Generating payment form for order #WC1005. Notify URL: http://lodrorinchen.org/wc-api/WC_innovext_allpay_aio/
01-26-2017 @ 23:29:26 - Item Name :當月會員 x 1
01-26-2017 @ 23:32:21 - ipn check mac:1969535a36ae0e4c4d94861175214578 my_check_mac_value:1969535a36ae0e4c4d94861175214578
01-26-2017 @ 23:32:22 - successful-request... RtnCode:1 PaymentType:Credit_CreditCard
01-27-2017 @ 00:19:40 - Generating payment form for order #WC948. Notify URL: http://lodrorinchen.org/wc-api/WC_innovext_allpay_aio/
01-27-2017 @ 00:19:40 - Item Name :當月會員 x 1
01-27-2017 @ 00:26:27 - Generating payment form for order #WC948. Notify URL: http://lodrorinchen.org/wc-api/WC_innovext_allpay_aio/
01-27-2017 @ 00:26:27 - Item Name :當月會員 x 1
01-27-2017 @ 15:25:35 - Generating payment form for order #WC1006. Notify URL: http://lodrorinchen.org/wc-api/WC_innovext_allpay_aio/
01-27-2017 @ 15:25:35 - Item Name :當季會員 x 1
01-27-2017 @ 15:31:21 - ipn check mac:93d3d07f7fe7f24cce686fe518623849 my_check_mac_value:93d3d07f7fe7f24cce686fe518623849
01-27-2017 @ 15:31:21 - successful-request... RtnCode:1 PaymentType:Credit_CreditCard
01-28-2017 @ 21:52:14 - Generating payment form for order #WC923. Notify URL: http://lodrorinchen.org/wc-api/WC_innovext_allpay_aio/
01-28-2017 @ 21:52:14 - Item Name :當月會員 x 1
01-28-2017 @ 21:54:04 - Generating payment form for order #WC923. Notify URL: http://lodrorinchen.org/wc-api/WC_innovext_allpay_aio/
01-28-2017 @ 21:54:04 - Item Name :當月會員 x 1
01-28-2017 @ 21:56:41 - Generating payment form for order #WC923. Notify URL: http://lodrorinchen.org/wc-api/WC_innovext_allpay_aio/
01-28-2017 @ 21:56:41 - Item Name :當月會員 x 1
01-28-2017 @ 22:01:59 - Generating payment form for order #WC923. Notify URL: http://lodrorinchen.org/wc-api/WC_innovext_allpay_aio/
01-28-2017 @ 22:01:59 - Item Name :當月會員 x 1
01-28-2017 @ 22:02:45 - Generating payment form for order #WC923. Notify URL: http://lodrorinchen.org/wc-api/WC_innovext_allpay_aio/
01-28-2017 @ 22:02:45 - Item Name :當月會員 x 1
01-28-2017 @ 23:28:54 - Generating payment form for order #WC1009. Notify URL: http://lodrorinchen.org/wc-api/WC_innovext_allpay_aio/
01-28-2017 @ 23:28:54 - Item Name :當月會員 x 1
01-28-2017 @ 23:36:18 - Generating payment form for order #WC1010. Notify URL: http://lodrorinchen.org/wc-api/WC_innovext_allpay_aio/
01-28-2017 @ 23:36:18 - Item Name :當月會員 x 1
01-29-2017 @ 02:21:53 - Generating payment form for order #WC1011. Notify URL: http://lodrorinchen.org/wc-api/WC_innovext_allpay_aio/
01-29-2017 @ 02:21:53 - Item Name :當週會員 x 1
01-29-2017 @ 02:24:12 - ipn check mac:db12569312e6f5d3786c739de98e2296 my_check_mac_value:db12569312e6f5d3786c739de98e2296
01-29-2017 @ 02:24:12 - successful-request... RtnCode:1 PaymentType:Credit_CreditCard
01-29-2017 @ 02:33:32 - Generating payment form for order #WC1012. Notify URL: http://lodrorinchen.org/wc-api/WC_innovext_allpay_aio/
01-29-2017 @ 02:33:32 - Item Name :當週會員 x 1
01-29-2017 @ 02:40:03 - Generating payment form for order #WC1013. Notify URL: http://lodrorinchen.org/wc-api/WC_innovext_allpay_aio/
01-29-2017 @ 02:40:03 - Item Name :當週會員 x 1
01-29-2017 @ 02:41:00 - ipn check mac:33f6349efe30f0361272efef2f6a7a6c my_check_mac_value:33f6349efe30f0361272efef2f6a7a6c
01-29-2017 @ 02:41:00 - successful-request... RtnCode:1 PaymentType:Credit_CreditCard
01-29-2017 @ 10:15:25 - Generating payment form for order #WC1014. Notify URL: http://lodrorinchen.org/wc-api/WC_innovext_allpay_aio/
01-29-2017 @ 10:15:25 - Item Name :當季會員 x 1
01-30-2017 @ 00:38:20 - Generating payment form for order #WC1015. Notify URL: http://lodrorinchen.org/wc-api/WC_innovext_allpay_aio/
01-30-2017 @ 00:38:20 - Item Name :當季會員 x 1
01-30-2017 @ 00:43:22 - ipn check mac:0c9fb18b46ce8fc232e14eb4fade796f my_check_mac_value:0c9fb18b46ce8fc232e14eb4fade796f
01-30-2017 @ 00:43:22 - successful-request... RtnCode:1 PaymentType:Credit_CreditCard
01-30-2017 @ 23:33:54 - Generating payment form for order #WC1016. Notify URL: http://lodrorinchen.org/wc-api/WC_innovext_allpay_aio/
01-30-2017 @ 23:33:54 - Item Name :當月會員 x 1
01-30-2017 @ 23:43:48 - ipn check mac:57356aa7a4e73d9e36554dc7a27730c8 my_check_mac_value:57356aa7a4e73d9e36554dc7a27730c8
01-30-2017 @ 23:43:48 - successful-request... RtnCode:1 PaymentType:Credit_CreditCard
01-31-2017 @ 11:58:19 - Generating payment form for order #WC1017. Notify URL: http://lodrorinchen.org/wc-api/WC_innovext_allpay_aio/
01-31-2017 @ 11:58:19 - Item Name :當週會員 x 1
01-31-2017 @ 12:02:11 - ipn check mac:fbd4e11f8df419a3d6675947c1f76ea8 my_check_mac_value:fbd4e11f8df419a3d6675947c1f76ea8
01-31-2017 @ 12:02:11 - successful-request... RtnCode:1 PaymentType:Credit_CreditCard
02-01-2017 @ 01:26:49 - Generating payment form for order #WC1023. Notify URL: http://lodrorinchen.org/wc-api/WC_innovext_allpay_aio/
02-01-2017 @ 01:26:49 - Item Name :當季會員 x 1
02-01-2017 @ 01:33:50 - Generating payment form for order #WC1023. Notify URL: http://lodrorinchen.org/wc-api/WC_innovext_allpay_aio/
02-01-2017 @ 01:33:50 - Item Name :當季會員 x 1
02-01-2017 @ 01:35:23 - Generating payment form for order #WC1023. Notify URL: http://lodrorinchen.org/wc-api/WC_innovext_allpay_aio/
02-01-2017 @ 01:35:23 - Item Name :當季會員 x 1
02-01-2017 @ 01:39:21 - Generating payment form for order #WC1024. Notify URL: http://lodrorinchen.org/wc-api/WC_innovext_allpay_aio/
02-01-2017 @ 01:39:21 - Item Name :當季會員 x 1
02-01-2017 @ 01:46:13 - ipn check mac:968528ef3f0fbca63774f0763deb3d27 my_check_mac_value:968528ef3f0fbca63774f0763deb3d27
02-01-2017 @ 01:46:13 - successful-request... RtnCode:1 PaymentType:Credit_CreditCard
02-02-2017 @ 20:43:38 - Generating payment form for order #WC1025. Notify URL: http://lodrorinchen.org/wc-api/WC_innovext_allpay_aio/
02-02-2017 @ 20:43:38 - Item Name :當季會員 x 1
02-02-2017 @ 23:48:04 - Generating payment form for order #WC1025. Notify URL: http://lodrorinchen.org/wc-api/WC_innovext_allpay_aio/
02-02-2017 @ 23:48:04 - Item Name :當季會員 x 1
02-03-2017 @ 06:14:17 - Generating payment form for order #WC1025. Notify URL: http://lodrorinchen.org/wc-api/WC_innovext_allpay_aio/
02-03-2017 @ 06:14:17 - Item Name :當季會員 x 1
02-04-2017 @ 23:37:30 - Generating payment form for order #WC1028. Notify URL: http://lodrorinchen.org/wc-api/WC_innovext_allpay_aio/
02-04-2017 @ 23:37:30 - Item Name :當季會員 x 1
02-04-2017 @ 23:40:22 - ipn check mac:3e8b2d6db280890b6aab8775f17622da my_check_mac_value:3e8b2d6db280890b6aab8775f17622da
02-04-2017 @ 23:40:22 - successful-request... RtnCode:1 PaymentType:Credit_CreditCard
02-07-2017 @ 11:23:11 - Generating payment form for order #WC1036. Notify URL: http://lodrorinchen.org/wc-api/WC_innovext_allpay_aio/
02-07-2017 @ 11:23:11 - Item Name :當季會員 x 1
02-07-2017 @ 11:30:31 - ipn check mac:e0df5d0c773b60a8155ec6ae06d66003 my_check_mac_value:e0df5d0c773b60a8155ec6ae06d66003
02-07-2017 @ 11:30:31 - successful-request... RtnCode:1 PaymentType:Credit_CreditCard
02-07-2017 @ 20:40:28 - Generating payment form for order #WC1039. Notify URL: http://lodrorinchen.org/wc-api/WC_innovext_allpay_aio/
02-07-2017 @ 20:40:28 - Item Name :當月會員 x 1
02-07-2017 @ 20:54:54 - ipn check mac:b7a9621217d3844b24b53077bb30fca6 my_check_mac_value:b7a9621217d3844b24b53077bb30fca6
02-07-2017 @ 20:54:54 - successful-request... RtnCode:10100073 PaymentType:CVS_CVS
02-07-2017 @ 20:59:46 - ipn check mac:855b60464bed43bf38ba2c648da5ab5a my_check_mac_value:855b60464bed43bf38ba2c648da5ab5a
02-07-2017 @ 20:59:46 - successful-request... RtnCode:10100073 PaymentType:CVS_CVS
02-07-2017 @ 21:27:09 - Generating payment form for order #WC1040. Notify URL: http://lodrorinchen.org/wc-api/WC_innovext_allpay_aio/
02-07-2017 @ 21:27:09 - Item Name :當月會員 x 1
02-07-2017 @ 21:27:56 - ipn check mac:cdbfcbe4a1b1507b11cd311e0d360d6c my_check_mac_value:cdbfcbe4a1b1507b11cd311e0d360d6c
02-07-2017 @ 21:27:56 - successful-request... RtnCode:10100073 PaymentType:CVS_CVS
02-07-2017 @ 21:29:46 - ipn check mac:9f14a2a82eb408ff3e3fdcb9c2e2ac03 my_check_mac_value:9f14a2a82eb408ff3e3fdcb9c2e2ac03
02-07-2017 @ 21:29:46 - successful-request... RtnCode:10100073 PaymentType:CVS_CVS
02-07-2017 @ 21:31:39 - Generating payment form for order #WC1041. Notify URL: http://lodrorinchen.org/wc-api/WC_innovext_allpay_aio/
02-07-2017 @ 21:31:39 - Item Name :當月會員 x 1
02-07-2017 @ 21:32:02 - ipn check mac:b717c93b6da73cde6d17f6f0977245d8 my_check_mac_value:b717c93b6da73cde6d17f6f0977245d8
02-07-2017 @ 21:32:02 - successful-request... RtnCode:10100073 PaymentType:CVS_CVS
02-07-2017 @ 21:34:38 - ipn check mac:bc2c4ec5f8f5e40ebc86958b6fba93db my_check_mac_value:bc2c4ec5f8f5e40ebc86958b6fba93db
02-07-2017 @ 21:34:38 - successful-request... RtnCode:1 PaymentType:CVS_CVS
02-07-2017 @ 22:13:01 - Generating payment form for order #WC1025. Notify URL: http://lodrorinchen.org/wc-api/WC_innovext_allpay_aio/
02-07-2017 @ 22:13:01 - Item Name :當季會員 x 1
02-09-2017 @ 23:23:10 - Generating payment form for order #WC1044. Notify URL: http://lodrorinchen.org/wc-api/WC_innovext_allpay_aio/
02-09-2017 @ 23:23:10 - Item Name :當月會員 x 1
02-09-2017 @ 23:37:37 - Generating payment form for order #WC1044. Notify URL: http://lodrorinchen.org/wc-api/WC_innovext_allpay_aio/
02-09-2017 @ 23:37:37 - Item Name :當月會員 x 1
02-09-2017 @ 23:45:50 - Generating payment form for order #WC1045. Notify URL: http://lodrorinchen.org/wc-api/WC_innovext_allpay_aio/
02-09-2017 @ 23:45:50 - Item Name :當月會員 x 1
02-09-2017 @ 23:51:03 - Generating payment form for order #WC1046. Notify URL: http://lodrorinchen.org/wc-api/WC_innovext_allpay_aio/
02-09-2017 @ 23:51:03 - Item Name :當月會員 x 1
02-09-2017 @ 23:52:28 - ipn check mac:da6e0ff9337bfe98b5bb5ce841af3f38 my_check_mac_value:da6e0ff9337bfe98b5bb5ce841af3f38
02-09-2017 @ 23:52:28 - successful-request... RtnCode:1 PaymentType:Credit_CreditCard
02-09-2017 @ 23:59:32 - Generating payment form for order #WC1044. Notify URL: http://lodrorinchen.org/wc-api/WC_innovext_allpay_aio/
02-09-2017 @ 23:59:32 - Item Name :當月會員 x 1
02-10-2017 @ 00:00:34 - Generating payment form for order #WC1047. Notify URL: http://lodrorinchen.org/wc-api/WC_innovext_allpay_aio/
02-10-2017 @ 00:00:34 - Item Name :當月會員 x 1
02-10-2017 @ 00:01:11 - ipn check mac:3e8505ade6d5a535a7d19f70c59e1908 my_check_mac_value:3e8505ade6d5a535a7d19f70c59e1908
02-10-2017 @ 00:01:11 - successful-request... RtnCode:1 PaymentType:Credit_CreditCard
02-10-2017 @ 22:18:05 - Generating payment form for order #WC1049. Notify URL: http://lodrorinchen.org/wc-api/WC_innovext_allpay_aio/
02-10-2017 @ 22:18:05 - Item Name :當季會員 x 1
02-11-2017 @ 11:39:01 - Generating payment form for order #WC1050. Notify URL: http://lodrorinchen.org/wc-api/WC_innovext_allpay_aio/
02-11-2017 @ 11:39:01 - Item Name :當季會員 x 1
02-12-2017 @ 13:01:36 - Generating payment form for order #WC1049. Notify URL: http://lodrorinchen.org/wc-api/WC_innovext_allpay_aio/
02-12-2017 @ 13:01:36 - Item Name :當季會員 x 1
02-12-2017 @ 16:40:09 - Generating payment form for order #WC1051. Notify URL: http://lodrorinchen.org/wc-api/WC_innovext_allpay_aio/
02-12-2017 @ 16:40:09 - Item Name :當月會員 x 1
02-12-2017 @ 23:53:21 - Generating payment form for order #WC1052. Notify URL: http://lodrorinchen.org/wc-api/WC_innovext_allpay_aio/
02-12-2017 @ 23:53:21 - Item Name :當月會員 x 1
02-13-2017 @ 00:58:36 - Generating payment form for order #WC1053. Notify URL: http://lodrorinchen.org/wc-api/WC_innovext_allpay_aio/
02-13-2017 @ 00:58:36 - Item Name :當季會員 x 1
02-13-2017 @ 01:07:48 - Generating payment form for order #WC1053. Notify URL: http://lodrorinchen.org/wc-api/WC_innovext_allpay_aio/
02-13-2017 @ 01:07:48 - Item Name :當季會員 x 1
02-13-2017 @ 01:17:29 - Generating payment form for order #WC1054. Notify URL: http://lodrorinchen.org/wc-api/WC_innovext_allpay_aio/
02-13-2017 @ 01:17:29 - Item Name :當季會員 x 1
02-13-2017 @ 01:19:37 - ipn check mac:175b3691716cb585b1bbfd5508470496 my_check_mac_value:175b3691716cb585b1bbfd5508470496
02-13-2017 @ 01:19:37 - successful-request... RtnCode:1 PaymentType:Credit_CreditCard
02-13-2017 @ 04:27:34 - Generating payment form for order #WC1055. Notify URL: http://lodrorinchen.org/wc-api/WC_innovext_allpay_aio/
02-13-2017 @ 04:27:34 - Item Name :當季會員 x 1
02-13-2017 @ 16:17:34 - Generating payment form for order #WC1062. Notify URL: http://lodrorinchen.org/wc-api/WC_innovext_allpay_aio/
02-13-2017 @ 16:17:34 - Item Name :當季會員 x 1
02-13-2017 @ 16:25:43 - Generating payment form for order #WC1062. Notify URL: http://lodrorinchen.org/wc-api/WC_innovext_allpay_aio/
02-13-2017 @ 16:25:43 - Item Name :當季會員 x 1
02-13-2017 @ 16:26:05 - Generating payment form for order #WC1062. Notify URL: http://lodrorinchen.org/wc-api/WC_innovext_allpay_aio/
02-13-2017 @ 16:26:05 - Item Name :當季會員 x 1
02-13-2017 @ 16:28:17 - Generating payment form for order #WC1062. Notify URL: http://lodrorinchen.org/wc-api/WC_innovext_allpay_aio/
02-13-2017 @ 16:28:17 - Item Name :當季會員 x 1
02-13-2017 @ 16:34:48 - Generating payment form for order #WC1062. Notify URL: http://lodrorinchen.org/wc-api/WC_innovext_allpay_aio/
02-13-2017 @ 16:34:48 - Item Name :當季會員 x 1
02-13-2017 @ 16:35:55 - Generating payment form for order #WC1062. Notify URL: http://lodrorinchen.org/wc-api/WC_innovext_allpay_aio/
02-13-2017 @ 16:35:55 - Item Name :當季會員 x 1
02-13-2017 @ 16:50:25 - Generating payment form for order #WC1063. Notify URL: http://lodrorinchen.org/wc-api/WC_innovext_allpay_aio/
02-13-2017 @ 16:50:25 - Item Name :當季會員 x 1
02-13-2017 @ 16:52:35 - ipn check mac:b477858ff9d82c143784962cd4047ced my_check_mac_value:b477858ff9d82c143784962cd4047ced
02-13-2017 @ 16:52:35 - successful-request... RtnCode:1 PaymentType:Credit_CreditCard
02-13-2017 @ 19:27:03 - Generating payment form for order #WC1064. Notify URL: http://lodrorinchen.org/wc-api/WC_innovext_allpay_aio/
02-13-2017 @ 19:27:04 - Item Name :當季會員 x 1
02-13-2017 @ 19:27:15 - Generating payment form for order #WC1064. Notify URL: http://lodrorinchen.org/wc-api/WC_innovext_allpay_aio/
02-13-2017 @ 19:27:15 - Item Name :當季會員 x 1
02-13-2017 @ 19:37:35 - Generating payment form for order #WC1065. Notify URL: http://lodrorinchen.org/wc-api/WC_innovext_allpay_aio/
02-13-2017 @ 19:37:35 - Item Name :當季會員 x 1
02-13-2017 @ 19:38:35 - ipn check mac:9e08a358e9cbe6fe554a5f8ccc8155a3 my_check_mac_value:9e08a358e9cbe6fe554a5f8ccc8155a3
02-13-2017 @ 19:38:35 - successful-request... RtnCode:1 PaymentType:Credit_CreditCard
02-13-2017 @ 20:56:40 - Generating payment form for order #WC1066. Notify URL: http://lodrorinchen.org/wc-api/WC_innovext_allpay_aio/
02-13-2017 @ 20:56:40 - Item Name :當季會員 x 1
02-13-2017 @ 20:57:23 - Generating payment form for order #WC1067. Notify URL: http://lodrorinchen.org/wc-api/WC_innovext_allpay_aio/
02-13-2017 @ 20:57:23 - Item Name :當季會員 x 1
02-13-2017 @ 20:58:12 - ipn check mac:16d97d6b16385910aad550f109064693 my_check_mac_value:16d97d6b16385910aad550f109064693
02-13-2017 @ 20:58:12 - successful-request... RtnCode:1 PaymentType:Credit_CreditCard
02-13-2017 @ 20:58:30 - ipn check mac:376bfd29b278f64bbeff26af18479c0c my_check_mac_value:376bfd29b278f64bbeff26af18479c0c
02-13-2017 @ 20:58:30 - successful-request... RtnCode:1 PaymentType:Credit_CreditCard
02-14-2017 @ 13:32:28 - Generating payment form for order #WC1068. Notify URL: http://lodrorinchen.org/wc-api/WC_innovext_allpay_aio/
02-14-2017 @ 13:32:28 - Item Name :當月會員 x 1
02-14-2017 @ 13:40:13 - Generating payment form for order #WC1069. Notify URL: http://lodrorinchen.org/wc-api/WC_innovext_allpay_aio/
02-14-2017 @ 13:40:13 - Item Name :當月會員 x 1
02-14-2017 @ 13:42:11 - Generating payment form for order #WC1070. Notify URL: http://lodrorinchen.org/wc-api/WC_innovext_allpay_aio/
02-14-2017 @ 13:42:11 - Item Name :當月會員 x 1
02-14-2017 @ 13:43:00 - ipn check mac:42fc3a5f38558bbdb640e37401f3efdc my_check_mac_value:42fc3a5f38558bbdb640e37401f3efdc
02-14-2017 @ 13:43:00 - successful-request... RtnCode:1 PaymentType:Credit_CreditCard
02-14-2017 @ 15:52:37 - Generating payment form for order #WC1073. Notify URL: http://lodrorinchen.org/wc-api/WC_innovext_allpay_aio/
02-14-2017 @ 15:52:37 - Item Name :當季會員 x 1
02-14-2017 @ 16:44:23 - Generating payment form for order #WC1074. Notify URL: http://lodrorinchen.org/wc-api/WC_innovext_allpay_aio/
02-14-2017 @ 16:44:23 - Item Name :當季會員 x 1
02-14-2017 @ 16:49:42 - ipn check mac:38b0751daacb5ce90b7df48e6050db00 my_check_mac_value:38b0751daacb5ce90b7df48e6050db00
02-14-2017 @ 16:49:43 - successful-request... RtnCode:1 PaymentType:Credit_CreditCard
02-14-2017 @ 17:21:41 - Generating payment form for order #WC1075. Notify URL: http://lodrorinchen.org/wc-api/WC_innovext_allpay_aio/
02-14-2017 @ 17:21:41 - Item Name :當季會員 x 1
02-14-2017 @ 17:47:40 - Generating payment form for order #WC1076. Notify URL: http://lodrorinchen.org/wc-api/WC_innovext_allpay_aio/
02-14-2017 @ 17:47:40 - Item Name :當季會員 x 1
02-14-2017 @ 22:53:40 - Generating payment form for order #WC1078. Notify URL: http://lodrorinchen.org/wc-api/WC_innovext_allpay_aio/
02-14-2017 @ 22:53:40 - Item Name :當週會員 x 1
02-14-2017 @ 22:55:02 - ipn check mac:32aa28f6130dd50cde4e7485d871776d my_check_mac_value:32aa28f6130dd50cde4e7485d871776d
02-14-2017 @ 22:55:02 - successful-request... RtnCode:1 PaymentType:Credit_CreditCard
02-14-2017 @ 23:43:43 - Generating payment form for order #WC1079. Notify URL: http://lodrorinchen.org/wc-api/WC_innovext_allpay_aio/
02-14-2017 @ 23:43:43 - Item Name :當季會員 x 1
02-14-2017 @ 23:45:11 - ipn check mac:0ce4839b70728326ddc02e72779a48d4 my_check_mac_value:0ce4839b70728326ddc02e72779a48d4
02-14-2017 @ 23:45:11 - successful-request... RtnCode:1 PaymentType:Credit_CreditCard
02-14-2017 @ 23:55:06 - ipn check mac:e0f7cfecc41141e805f0019b98563c2c my_check_mac_value:e0f7cfecc41141e805f0019b98563c2c
02-14-2017 @ 23:55:06 - successful-request... RtnCode:1 PaymentType:Credit_CreditCard
02-15-2017 @ 01:26:40 - Generating payment form for order #WC1080. Notify URL: http://lodrorinchen.org/wc-api/WC_innovext_allpay_aio/
02-15-2017 @ 01:26:40 - Item Name :當季會員 x 1
02-15-2017 @ 01:36:19 - Generating payment form for order #WC1080. Notify URL: http://lodrorinchen.org/wc-api/WC_innovext_allpay_aio/
02-15-2017 @ 01:36:19 - Item Name :當季會員 x 1
02-15-2017 @ 01:37:59 - Generating payment form for order #WC1080. Notify URL: http://lodrorinchen.org/wc-api/WC_innovext_allpay_aio/
02-15-2017 @ 01:37:59 - Item Name :當季會員 x 1
02-15-2017 @ 01:42:13 - Generating payment form for order #WC1080. Notify URL: http://lodrorinchen.org/wc-api/WC_innovext_allpay_aio/
02-15-2017 @ 01:42:13 - Item Name :當季會員 x 1
02-15-2017 @ 06:55:49 - Generating payment form for order #WC1025. Notify URL: http://lodrorinchen.org/wc-api/WC_innovext_allpay_aio/
02-15-2017 @ 06:55:49 - Item Name :當季會員 x 1
02-15-2017 @ 07:37:25 - Generating payment form for order #WC1081. Notify URL: http://lodrorinchen.org/wc-api/WC_innovext_allpay_aio/
02-15-2017 @ 07:37:25 - Item Name :當季會員 x 1
02-15-2017 @ 10:19:36 - Generating payment form for order #WC948. Notify URL: http://lodrorinchen.org/wc-api/WC_innovext_allpay_aio/
02-15-2017 @ 10:19:36 - Item Name :當月會員 x 1
02-15-2017 @ 12:20:35 - Generating payment form for order #WC1082. Notify URL: http://lodrorinchen.org/wc-api/WC_innovext_allpay_aio/
02-15-2017 @ 12:20:35 - Item Name :當週會員 x 1
02-15-2017 @ 12:30:58 - Generating payment form for order #WC1083. Notify URL: http://lodrorinchen.org/wc-api/WC_innovext_allpay_aio/
02-15-2017 @ 12:30:58 - Item Name :當週會員 x 1
02-15-2017 @ 16:13:31 - Generating payment form for order #WC1084. Notify URL: http://lodrorinchen.org/wc-api/WC_innovext_allpay_aio/
02-15-2017 @ 16:13:31 - Item Name :當季會員 x 1
02-15-2017 @ 16:22:26 - Generating payment form for order #WC1085. Notify URL: http://lodrorinchen.org/wc-api/WC_innovext_allpay_aio/
02-15-2017 @ 16:22:26 - Item Name :當季會員 x 1
02-15-2017 @ 16:23:11 - ipn check mac:ba6d0ca49945e0be72506e2840025eb8 my_check_mac_value:ba6d0ca49945e0be72506e2840025eb8
02-15-2017 @ 16:23:11 - successful-request... RtnCode:1 PaymentType:Credit_CreditCard
02-15-2017 @ 17:16:15 - Generating payment form for order #WC1086. Notify URL: http://lodrorinchen.org/wc-api/WC_innovext_allpay_aio/
02-15-2017 @ 17:16:15 - Item Name :當月會員 x 1
02-15-2017 @ 18:06:04 - Generating payment form for order #WC1087. Notify URL: http://lodrorinchen.org/wc-api/WC_innovext_allpay_aio/
02-15-2017 @ 18:06:04 - Item Name :當週會員 x 1
02-15-2017 @ 18:57:49 - Generating payment form for order #WC1088. Notify URL: http://lodrorinchen.org/wc-api/WC_innovext_allpay_aio/
02-15-2017 @ 18:57:49 - Item Name :當週會員 x 1
02-15-2017 @ 18:58:02 - ipn check mac:603f52cc88a73b2cd601356d6fe02000 my_check_mac_value:603f52cc88a73b2cd601356d6fe02000
02-15-2017 @ 18:58:02 - successful-request... RtnCode:1 PaymentType:TopUpUsed_AllPay
02-15-2017 @ 20:47:46 - Generating payment form for order #WC1089. Notify URL: http://lodrorinchen.org/wc-api/WC_innovext_allpay_aio/
02-15-2017 @ 20:47:46 - Item Name :當週會員 x 1
02-15-2017 @ 23:06:20 - Generating payment form for order #WC1080. Notify URL: http://lodrorinchen.org/wc-api/WC_innovext_allpay_aio/
02-15-2017 @ 23:06:20 - Item Name :當季會員 x 1
02-16-2017 @ 03:05:18 - Generating payment form for order #WC1090. Notify URL: http://lodrorinchen.org/wc-api/WC_innovext_allpay_aio/
02-16-2017 @ 03:05:18 - Item Name :當季會員 x 1
02-16-2017 @ 03:48:24 - Generating payment form for order #WC1091. Notify URL: http://lodrorinchen.org/wc-api/WC_innovext_allpay_aio/
02-16-2017 @ 03:48:24 - Item Name :當季會員 x 1
02-16-2017 @ 10:02:55 - Generating payment form for order #WC1092. Notify URL: http://lodrorinchen.org/wc-api/WC_innovext_allpay_aio/
02-16-2017 @ 10:02:55 - Item Name :當季會員 x 1
02-16-2017 @ 10:09:01 - ipn check mac:bbd0fa87fc2d4227c9f00f8d091cdf37 my_check_mac_value:bbd0fa87fc2d4227c9f00f8d091cdf37
02-16-2017 @ 10:09:01 - successful-request... RtnCode:1 PaymentType:Credit_CreditCard
02-16-2017 @ 13:05:45 - Generating payment form for order #WC846. Notify URL: http://lodrorinchen.org/wc-api/WC_innovext_allpay_aio/
02-16-2017 @ 13:05:45 - Item Name :當月會員 x 1
02-16-2017 @ 13:07:08 - Generating payment form for order #WC846. Notify URL: http://lodrorinchen.org/wc-api/WC_innovext_allpay_aio/
02-16-2017 @ 13:07:08 - Item Name :當月會員 x 1
02-16-2017 @ 16:29:24 - Generating payment form for order #WC1094. Notify URL: http://lodrorinchen.org/wc-api/WC_innovext_allpay_aio/
02-16-2017 @ 16:29:24 - Item Name :當月會員 x 1
02-16-2017 @ 16:44:26 - Generating payment form for order #WC1095. Notify URL: http://lodrorinchen.org/wc-api/WC_innovext_allpay_aio/
02-16-2017 @ 16:44:26 - Item Name :當月會員 x 1
02-16-2017 @ 16:47:48 - ipn check mac:b480d4fbb1995b2cc30ebddc4a5c29f6 my_check_mac_value:b480d4fbb1995b2cc30ebddc4a5c29f6
02-16-2017 @ 16:47:48 - successful-request... RtnCode:1 PaymentType:Credit_CreditCard
02-16-2017 @ 18:32:12 - Generating payment form for order #WC1096. Notify URL: http://lodrorinchen.org/wc-api/WC_innovext_allpay_aio/
02-16-2017 @ 18:32:12 - Item Name :當週會員 x 1
02-16-2017 @ 18:35:44 - Generating payment form for order #WC1097. Notify URL: http://lodrorinchen.org/wc-api/WC_innovext_allpay_aio/
02-16-2017 @ 18:35:44 - Item Name :當月會員 x 1
02-16-2017 @ 20:11:05 - Generating payment form for order #WC1098. Notify URL: http://lodrorinchen.org/wc-api/WC_innovext_allpay_aio/
02-16-2017 @ 20:11:05 - Item Name :當週會員 x 1
02-16-2017 @ 20:15:33 - ipn check mac:5444760b9370437b93ecb6032288677f my_check_mac_value:5444760b9370437b93ecb6032288677f
02-16-2017 @ 20:15:33 - successful-request... RtnCode:2 PaymentType:ATM_TAISHIN
02-16-2017 @ 20:19:46 - ipn check mac:1b9b50b92c4dc73a537e31ae0007ed95 my_check_mac_value:1b9b50b92c4dc73a537e31ae0007ed95
02-16-2017 @ 20:19:46 - successful-request... RtnCode:2 PaymentType:ATM_TAISHIN
02-16-2017 @ 20:50:40 - ipn check mac:6625f70b0884d22711ac21ab794fd498 my_check_mac_value:6625f70b0884d22711ac21ab794fd498
02-16-2017 @ 20:50:41 - successful-request... RtnCode:1 PaymentType:ATM_TAISHIN
02-16-2017 @ 23:42:16 - Generating payment form for order #WC1099. Notify URL: http://lodrorinchen.org/wc-api/WC_innovext_allpay_aio/
02-16-2017 @ 23:42:16 - Item Name :當季會員 x 1
02-16-2017 @ 23:47:45 - Generating payment form for order #WC1099. Notify URL: http://lodrorinchen.org/wc-api/WC_innovext_allpay_aio/
02-16-2017 @ 23:47:45 - Item Name :當季會員 x 1
02-16-2017 @ 23:53:33 - Generating payment form for order #WC1099. Notify URL: http://lodrorinchen.org/wc-api/WC_innovext_allpay_aio/
02-16-2017 @ 23:53:33 - Item Name :當季會員 x 1
02-17-2017 @ 09:39:21 - Generating payment form for order #WC1082. Notify URL: http://lodrorinchen.org/wc-api/WC_innovext_allpay_aio/
02-17-2017 @ 09:39:21 - Item Name :當週會員 x 1
02-17-2017 @ 09:40:14 - Generating payment form for order #WC1100. Notify URL: http://lodrorinchen.org/wc-api/WC_innovext_allpay_aio/
02-17-2017 @ 09:40:14 - Item Name :當週會員 x 1
02-17-2017 @ 09:55:27 - Generating payment form for order #WC1101. Notify URL: http://lodrorinchen.org/wc-api/WC_innovext_allpay_aio/
02-17-2017 @ 09:55:27 - Item Name :當週會員 x 1
02-17-2017 @ 14:15:23 - Generating payment form for order #WC1102. Notify URL: http://lodrorinchen.org/wc-api/WC_innovext_allpay_aio/
02-17-2017 @ 14:15:23 - Item Name :當季會員 x 1
02-17-2017 @ 14:24:18 - Generating payment form for order #WC1103. Notify URL: http://lodrorinchen.org/wc-api/WC_innovext_allpay_aio/
02-17-2017 @ 14:24:18 - Item Name :當季會員 x 1
02-17-2017 @ 14:25:45 - ipn check mac:9d66e0686de825ca8d22719d8d92d49f my_check_mac_value:9d66e0686de825ca8d22719d8d92d49f
02-17-2017 @ 14:25:45 - successful-request... RtnCode:1 PaymentType:Credit_CreditCard
02-17-2017 @ 16:53:21 - Generating payment form for order #WC1104. Notify URL: http://lodrorinchen.org/wc-api/WC_innovext_allpay_aio/
02-17-2017 @ 16:53:21 - Item Name :當季會員 x 1
02-17-2017 @ 21:21:45 - Generating payment form for order #WC1105. Notify URL: http://lodrorinchen.org/wc-api/WC_innovext_allpay_aio/
02-17-2017 @ 21:21:45 - Item Name :當週會員 x 1
02-17-2017 @ 21:27:10 - Generating payment form for order #WC1105. Notify URL: http://lodrorinchen.org/wc-api/WC_innovext_allpay_aio/
02-17-2017 @ 21:27:10 - Item Name :當週會員 x 1
02-17-2017 @ 21:28:42 - Generating payment form for order #WC1106. Notify URL: http://lodrorinchen.org/wc-api/WC_innovext_allpay_aio/
02-17-2017 @ 21:28:42 - Item Name :當週會員 x 1
02-17-2017 @ 21:29:40 - ipn check mac:b88e02f489291387067e6a23096b3354 my_check_mac_value:b88e02f489291387067e6a23096b3354
02-17-2017 @ 21:29:41 - successful-request... RtnCode:1 PaymentType:Credit_CreditCard
02-17-2017 @ 21:46:36 - Generating payment form for order #WC1107. Notify URL: http://lodrorinchen.org/wc-api/WC_innovext_allpay_aio/
02-17-2017 @ 21:46:36 - Item Name :當季會員 x 1
02-17-2017 @ 21:51:55 - ipn check mac:7b91d25ad7d64d1f6eae255876ac85e7 my_check_mac_value:7b91d25ad7d64d1f6eae255876ac85e7
02-17-2017 @ 21:51:55 - successful-request... RtnCode:2 PaymentType:ATM_TAISHIN
02-17-2017 @ 21:54:48 - ipn check mac:750f05ab897d6a43cca7e7b51c732729 my_check_mac_value:750f05ab897d6a43cca7e7b51c732729
02-17-2017 @ 21:54:48 - successful-request... RtnCode:2 PaymentType:ATM_TAISHIN
02-17-2017 @ 23:04:07 - Generating payment form for order #WC1104. Notify URL: http://lodrorinchen.org/wc-api/WC_innovext_allpay_aio/
02-17-2017 @ 23:04:07 - Item Name :當季會員 x 1
02-17-2017 @ 23:07:35 - Generating payment form for order #WC1108. Notify URL: http://lodrorinchen.org/wc-api/WC_innovext_allpay_aio/
02-17-2017 @ 23:07:35 - Item Name :當季會員 x 1
02-17-2017 @ 23:08:19 - ipn check mac:755e8ec9ddd5d9846e5816f18f999e65 my_check_mac_value:755e8ec9ddd5d9846e5816f18f999e65
02-17-2017 @ 23:08:19 - successful-request... RtnCode:2 PaymentType:ATM_TAISHIN
02-17-2017 @ 23:09:46 - ipn check mac:ee464ee88300b3696626b213f75ce141 my_check_mac_value:ee464ee88300b3696626b213f75ce141
02-17-2017 @ 23:09:46 - successful-request... RtnCode:2 PaymentType:ATM_TAISHIN
02-17-2017 @ 23:12:04 - Generating payment form for order #WC846. Notify URL: http://lodrorinchen.org/wc-api/WC_innovext_allpay_aio/
02-17-2017 @ 23:12:04 - Item Name :當月會員 x 1
02-17-2017 @ 23:44:09 - Generating payment form for order #WC1096. Notify URL: http://lodrorinchen.org/wc-api/WC_innovext_allpay_aio/
02-17-2017 @ 23:44:09 - Item Name :當週會員 x 1
02-17-2017 @ 23:48:32 - Generating payment form for order #WC1096. Notify URL: http://lodrorinchen.org/wc-api/WC_innovext_allpay_aio/
02-17-2017 @ 23:48:32 - Item Name :當週會員 x 1
02-17-2017 @ 23:57:31 - Generating payment form for order #WC1096. Notify URL: http://lodrorinchen.org/wc-api/WC_innovext_allpay_aio/
02-17-2017 @ 23:57:31 - Item Name :當週會員 x 1
02-18-2017 @ 18:20:41 - ipn check mac:a3753866d021219c77c7b78351bf6b20 my_check_mac_value:a3753866d021219c77c7b78351bf6b20
02-18-2017 @ 18:20:41 - successful-request... RtnCode:1 PaymentType:ATM_TAISHIN
02-19-2017 @ 10:04:48 - Generating payment form for order #WC1110. Notify URL: http://lodrorinchen.org/wc-api/WC_innovext_allpay_aio/
02-19-2017 @ 10:04:48 - Item Name :當月會員 x 1
02-19-2017 @ 10:06:33 - ipn check mac:92ca9030f2bcb4fa47382875635342a9 my_check_mac_value:92ca9030f2bcb4fa47382875635342a9
02-19-2017 @ 10:06:33 - successful-request... RtnCode:1 PaymentType:Credit_CreditCard
02-19-2017 @ 19:14:33 - Generating payment form for order #WC1111. Notify URL: http://lodrorinchen.org/wc-api/WC_innovext_allpay_aio/
02-19-2017 @ 19:14:33 - Item Name :當季會員 x 1
02-19-2017 @ 19:18:23 - Generating payment form for order #WC1112. Notify URL: http://lodrorinchen.org/wc-api/WC_innovext_allpay_aio/
02-19-2017 @ 19:18:23 - Item Name :當季會員 x 1
02-19-2017 @ 22:48:36 - Generating payment form for order #WC1113. Notify URL: http://lodrorinchen.org/wc-api/WC_innovext_allpay_aio/
02-19-2017 @ 22:48:36 - Item Name :當季會員 x 1
02-19-2017 @ 22:52:15 - Generating payment form for order #WC1113. Notify URL: http://lodrorinchen.org/wc-api/WC_innovext_allpay_aio/
02-19-2017 @ 22:52:15 - Item Name :當季會員 x 1
02-19-2017 @ 22:52:37 - Generating payment form for order #WC1113. Notify URL: http://lodrorinchen.org/wc-api/WC_innovext_allpay_aio/
02-19-2017 @ 22:52:37 - Item Name :當季會員 x 1
02-19-2017 @ 22:53:38 - Generating payment form for order #WC1113. Notify URL: http://lodrorinchen.org/wc-api/WC_innovext_allpay_aio/
02-19-2017 @ 22:53:38 - Item Name :當季會員 x 1
02-19-2017 @ 23:04:33 - Generating payment form for order #WC1114. Notify URL: http://lodrorinchen.org/wc-api/WC_innovext_allpay_aio/
02-19-2017 @ 23:04:33 - Item Name :當季會員 x 1
02-19-2017 @ 23:21:18 - Generating payment form for order #WC1115. Notify URL: http://lodrorinchen.org/wc-api/WC_innovext_allpay_aio/
02-19-2017 @ 23:21:18 - Item Name :當季會員 x 1
02-19-2017 @ 23:22:29 - ipn check mac:b7c2deceb961b63032527ad8a78dc114 my_check_mac_value:b7c2deceb961b63032527ad8a78dc114
02-19-2017 @ 23:22:29 - successful-request... RtnCode:1 PaymentType:Credit_CreditCard
02-19-2017 @ 23:55:41 - Generating payment form for order #WC1116. Notify URL: http://lodrorinchen.org/wc-api/WC_innovext_allpay_aio/
02-19-2017 @ 23:55:41 - Item Name :當季會員 x 1
02-20-2017 @ 00:05:21 - Generating payment form for order #WC1117. Notify URL: http://lodrorinchen.org/wc-api/WC_innovext_allpay_aio/
02-20-2017 @ 00:05:21 - Item Name :當季會員 x 1
02-20-2017 @ 00:48:42 - Generating payment form for order #WC1118. Notify URL: http://lodrorinchen.org/wc-api/WC_innovext_allpay_aio/
02-20-2017 @ 00:48:42 - Item Name :當週會員 x 1
02-20-2017 @ 00:55:03 - Generating payment form for order #WC1118. Notify URL: http://lodrorinchen.org/wc-api/WC_innovext_allpay_aio/
02-20-2017 @ 00:55:03 - Item Name :當週會員 x 1
02-20-2017 @ 00:56:52 - Generating payment form for order #WC1119. Notify URL: http://lodrorinchen.org/wc-api/WC_innovext_allpay_aio/
02-20-2017 @ 00:56:52 - Item Name :當月會員 x 1
02-20-2017 @ 04:41:14 - Generating payment form for order #WC1091. Notify URL: http://lodrorinchen.org/wc-api/WC_innovext_allpay_aio/
02-20-2017 @ 04:41:14 - Item Name :當季會員 x 1
02-20-2017 @ 08:09:10 - Generating payment form for order #WC846. Notify URL: http://lodrorinchen.org/wc-api/WC_innovext_allpay_aio/
02-20-2017 @ 08:09:10 - Item Name :當月會員 x 1
02-20-2017 @ 12:11:57 - Generating payment form for order #WC1129. Notify URL: http://lodrorinchen.org/wc-api/WC_innovext_allpay_aio/
02-20-2017 @ 12:11:57 - Item Name :當季會員 x 1
02-20-2017 @ 13:21:13 - Generating payment form for order #WC948. Notify URL: http://lodrorinchen.org/wc-api/WC_innovext_allpay_aio/
02-20-2017 @ 13:21:13 - Item Name :當月會員 x 1
02-20-2017 @ 20:50:40 - ipn check mac:be4cfef50b80558a7323612243bd3d07 my_check_mac_value:be4cfef50b80558a7323612243bd3d07
02-20-2017 @ 20:50:40 - successful-request... RtnCode:1 PaymentType:ATM_TAISHIN
02-21-2017 @ 12:33:14 - Generating payment form for order #WC1130. Notify URL: http://lodrorinchen.org/wc-api/WC_innovext_allpay_aio/
02-21-2017 @ 12:33:14 - Item Name :當月會員 x 1
02-21-2017 @ 14:33:04 - Generating payment form for order #WC1131. Notify URL: http://lodrorinchen.org/wc-api/WC_innovext_allpay_aio/
02-21-2017 @ 14:33:04 - Item Name :當季會員 x 1
02-21-2017 @ 14:38:17 - ipn check mac:56ec0bcf340718f7be7736733cbf8268 my_check_mac_value:56ec0bcf340718f7be7736733cbf8268
02-21-2017 @ 14:38:17 - successful-request... RtnCode:10100073 PaymentType:CVS_CVS
02-21-2017 @ 14:39:49 - ipn check mac:6aea3a754610f7e7f2ed81c8f61c9b62 my_check_mac_value:6aea3a754610f7e7f2ed81c8f61c9b62
02-21-2017 @ 14:39:49 - successful-request... RtnCode:10100073 PaymentType:CVS_CVS
02-21-2017 @ 16:19:03 - Generating payment form for order #WC1134. Notify URL: http://lodrorinchen.org/wc-api/WC_innovext_allpay_aio/
02-21-2017 @ 16:19:03 - Item Name :當季會員 x 1
02-21-2017 @ 16:27:52 - ipn check mac:764cf2466986baee1fcceae2109d6556 my_check_mac_value:764cf2466986baee1fcceae2109d6556
02-21-2017 @ 16:27:52 - successful-request... RtnCode:1 PaymentType:Credit_CreditCard
02-21-2017 @ 18:07:33 - ipn check mac:2ff1d5c8d90545d05ca71434ad2abe02 my_check_mac_value:2ff1d5c8d90545d05ca71434ad2abe02
02-21-2017 @ 18:07:33 - successful-request... RtnCode:1 PaymentType:CVS_CVS
02-24-2017 @ 00:25:58 - Generating payment form for order #WC1119. Notify URL: http://lodrorinchen.org/wc-api/WC_innovext_allpay_aio/
02-24-2017 @ 00:25:58 - Item Name :當月會員 x 1
02-24-2017 @ 00:28:10 - Generating payment form for order #WC1139. Notify URL: http://lodrorinchen.org/wc-api/WC_innovext_allpay_aio/
02-24-2017 @ 00:28:10 - Item Name :當月會員 x 1
02-24-2017 @ 00:47:53 - Generating payment form for order #WC1140. Notify URL: http://lodrorinchen.org/wc-api/WC_innovext_allpay_aio/
02-24-2017 @ 00:47:53 - Item Name :當月會員 x 1
02-24-2017 @ 00:48:49 - Generating payment form for order #WC1141. Notify URL: http://lodrorinchen.org/wc-api/WC_innovext_allpay_aio/
02-24-2017 @ 00:48:49 - Item Name :當月會員 x 1
02-24-2017 @ 00:49:20 - ipn check mac:0458d06ba293099ef5452eb82dd9e478 my_check_mac_value:0458d06ba293099ef5452eb82dd9e478
02-24-2017 @ 00:49:20 - successful-request... RtnCode:1 PaymentType:TopUpUsed_AllPay
